2021-03-09 04:46:53,321 WARN org.apache.hadoop.util.NativeCodeLoader: Unable to load native-hadoop library for your platform... using builtin-java classes where applicable
2021-03-09 04:55:57,696 WARN org.apache.hadoop.util.NativeCodeLoader: Unable to load native-hadoop library for your platform... using builtin-java classes where applicable
2021-03-09 04:55:58,286 INFO org.apache.hadoop.conf.Configuration.deprecation: session.id is deprecated. Instead, use dfs.metrics.session-id
2021-03-09 04:55:58,287 INFO org.apache.hadoop.metrics.jvm.JvmMetrics: Initializing JVM Metrics with processName=JobTracker, sessionId=
2021-03-09 04:55:58,858 WARN org.apache.hadoop.mapreduce.JobResourceUploader: No job jar file set.  User classes may not be found. See Job or Job#setJar(String).
2021-03-09 04:55:58,876 INFO org.apache.hadoop.mapreduce.lib.input.FileInputFormat: Total input paths to process : 1
2021-03-09 04:55:59,000 INFO org.apache.hadoop.mapreduce.JobSubmitter: number of splits:1
2021-03-09 04:55:59,302 INFO org.apache.hadoop.mapreduce.JobSubmitter: Submitting tokens for job: job_local1938340947_0001
2021-03-09 04:55:59,770 INFO org.apache.hadoop.mapreduce.Job: The url to track the job: http://localhost:8080/
2021-03-09 04:55:59,772 INFO org.apache.hadoop.mapreduce.Job: Running job: job_local1938340947_0001
2021-03-09 04:55:59,776 INFO org.apache.hadoop.mapred.LocalJobRunner: OutputCommitter set in config null
2021-03-09 04:55:59,791 INFO org.apache.hadoop.mapreduce.lib.output.FileOutputCommitter: File Output Committer Algorithm version is 1
2021-03-09 04:55:59,798 INFO org.apache.hadoop.mapred.LocalJobRunner: OutputCommitter is org.apache.hadoop.mapreduce.lib.output.FileOutputCommitter
2021-03-09 04:55:59,939 INFO org.apache.hadoop.mapred.LocalJobRunner: Waiting for map tasks
2021-03-09 04:55:59,939 INFO org.apache.hadoop.mapred.LocalJobRunner: Starting task: attempt_local1938340947_0001_m_000000_0
2021-03-09 04:55:59,988 INFO org.apache.hadoop.mapreduce.lib.output.FileOutputCommitter: File Output Committer Algorithm version is 1
2021-03-09 04:56:00,005 INFO org.apache.hadoop.mapred.Task:  Using ResourceCalculatorProcessTree : [ ]
2021-03-09 04:56:00,017 INFO org.apache.hadoop.mapred.MapTask: Processing split: file:/home/cloudera/workspace/WordCount/100-0.txt:0+5757112
2021-03-09 04:56:00,159 INFO org.apache.hadoop.mapred.MapTask: (EQUATOR) 0 kvi 26214396(104857584)
2021-03-09 04:56:00,159 INFO org.apache.hadoop.mapred.MapTask: mapreduce.task.io.sort.mb: 100
2021-03-09 04:56:00,160 INFO org.apache.hadoop.mapred.MapTask: soft limit at 83886080
2021-03-09 04:56:00,160 INFO org.apache.hadoop.mapred.MapTask: bufstart = 0; bufvoid = 104857600
2021-03-09 04:56:00,160 INFO org.apache.hadoop.mapred.MapTask: kvstart = 26214396; length = 6553600
2021-03-09 04:56:00,167 INFO org.apache.hadoop.mapred.MapTask: Map output collector class = org.apache.hadoop.mapred.MapTask$MapOutputBuffer
2021-03-09 04:56:00,775 INFO org.apache.hadoop.mapreduce.Job: Job job_local1938340947_0001 running in uber mode : false
2021-03-09 04:56:00,775 INFO org.apache.hadoop.mapreduce.Job:  map 0% reduce 0%
2021-03-09 04:56:01,901 INFO org.apache.hadoop.mapred.LocalJobRunner: 
2021-03-09 04:56:01,901 INFO org.apache.hadoop.mapred.MapTask: Starting flush of map output
2021-03-09 04:56:01,901 INFO org.apache.hadoop.mapred.MapTask: Spilling map output
2021-03-09 04:56:01,901 INFO org.apache.hadoop.mapred.MapTask: bufstart = 0; bufend = 9583027; bufvoid = 104857600
2021-03-09 04:56:01,902 INFO org.apache.hadoop.mapred.MapTask: kvstart = 26214396(104857584); kvend = 22036500(88146000); length = 4177897/6553600
2021-03-09 04:56:04,223 INFO org.apache.hadoop.mapred.MapTask: Finished spill 0
2021-03-09 04:56:04,228 INFO org.apache.hadoop.mapred.Task: Task:attempt_local1938340947_0001_m_000000_0 is done. And is in the process of committing
2021-03-09 04:56:04,240 INFO org.apache.hadoop.mapred.LocalJobRunner: map
2021-03-09 04:56:04,240 INFO org.apache.hadoop.mapred.Task: Task 'attempt_local1938340947_0001_m_000000_0' done.
2021-03-09 04:56:04,240 INFO org.apache.hadoop.mapred.LocalJobRunner: Finishing task: attempt_local1938340947_0001_m_000000_0
2021-03-09 04:56:04,240 INFO org.apache.hadoop.mapred.LocalJobRunner: map task executor complete.
2021-03-09 04:56:04,247 INFO org.apache.hadoop.mapred.LocalJobRunner: Waiting for reduce tasks
2021-03-09 04:56:04,247 INFO org.apache.hadoop.mapred.LocalJobRunner: Starting task: attempt_local1938340947_0001_r_000000_0
2021-03-09 04:56:04,262 INFO org.apache.hadoop.mapreduce.lib.output.FileOutputCommitter: File Output Committer Algorithm version is 1
2021-03-09 04:56:04,262 INFO org.apache.hadoop.mapred.Task:  Using ResourceCalculatorProcessTree : [ ]
2021-03-09 04:56:04,264 INFO org.apache.hadoop.mapred.ReduceTask: Using ShuffleConsumerPlugin: org.apache.hadoop.mapreduce.task.reduce.Shuffle@76744438
2021-03-09 04:56:04,281 INFO org.apache.hadoop.mapreduce.task.reduce.MergeManagerImpl: MergerManager: memoryLimit=679778688, maxSingleShuffleLimit=169944672, mergeThreshold=448653952, ioSortFactor=10, memToMemMergeOutputsThreshold=10
2021-03-09 04:56:04,296 INFO org.apache.hadoop.mapreduce.task.reduce.EventFetcher: attempt_local1938340947_0001_r_000000_0 Thread started: EventFetcher for fetching Map Completion Events
2021-03-09 04:56:04,338 INFO org.apache.hadoop.mapreduce.task.reduce.LocalFetcher: localfetcher#1 about to shuffle output of map attempt_local1938340947_0001_m_000000_0 decomp: 11671979 len: 11671983 to MEMORY
2021-03-09 04:56:04,376 INFO org.apache.hadoop.mapreduce.task.reduce.InMemoryMapOutput: Read 11671979 bytes from map-output for attempt_local1938340947_0001_m_000000_0
2021-03-09 04:56:04,382 INFO org.apache.hadoop.mapreduce.task.reduce.MergeManagerImpl: closeInMemoryFile -> map-output of size: 11671979, inMemoryMapOutputs.size() -> 1, commitMemory -> 0, usedMemory ->11671979
2021-03-09 04:56:04,387 INFO org.apache.hadoop.mapreduce.task.reduce.EventFetcher: EventFetcher is interrupted.. Returning
2021-03-09 04:56:04,388 INFO org.apache.hadoop.mapred.LocalJobRunner: 1 / 1 copied.
2021-03-09 04:56:04,388 INFO org.apache.hadoop.mapreduce.task.reduce.MergeManagerImpl: finalMerge called with 1 in-memory map-outputs and 0 on-disk map-outputs
2021-03-09 04:56:04,392 INFO org.apache.hadoop.mapred.Merger: Merging 1 sorted segments
2021-03-09 04:56:04,392 INFO org.apache.hadoop.mapred.Merger: Down to the last merge-pass, with 1 segments left of total size: 11671976 bytes
2021-03-09 04:56:04,780 INFO org.apache.hadoop.mapreduce.Job:  map 100% reduce 0%
2021-03-09 04:56:05,459 INFO org.apache.hadoop.mapreduce.task.reduce.MergeManagerImpl: Merged 1 segments, 11671979 bytes to disk to satisfy reduce memory limit
2021-03-09 04:56:05,464 INFO org.apache.hadoop.mapreduce.task.reduce.MergeManagerImpl: Merging 1 files, 11671983 bytes from disk
2021-03-09 04:56:05,465 INFO org.apache.hadoop.mapreduce.task.reduce.MergeManagerImpl: Merging 0 segments, 0 bytes from memory into reduce
2021-03-09 04:56:05,467 INFO org.apache.hadoop.mapred.Merger: Merging 1 sorted segments
2021-03-09 04:56:05,467 INFO org.apache.hadoop.mapred.Merger: Down to the last merge-pass, with 1 segments left of total size: 11671976 bytes
2021-03-09 04:56:05,470 INFO org.apache.hadoop.mapred.LocalJobRunner: 1 / 1 copied.
2021-03-09 04:56:05,481 INFO org.apache.hadoop.conf.Configuration.deprecation: mapred.skip.on is deprecated. Instead, use mapreduce.job.skiprecords
2021-03-09 04:56:06,788 INFO org.apache.hadoop.mapred.Task: Task:attempt_local1938340947_0001_r_000000_0 is done. And is in the process of committing
2021-03-09 04:56:06,791 INFO org.apache.hadoop.mapred.LocalJobRunner: 1 / 1 copied.
2021-03-09 04:56:06,791 INFO org.apache.hadoop.mapred.Task: Task attempt_local1938340947_0001_r_000000_0 is allowed to commit now
2021-03-09 04:56:06,791 INFO org.apache.hadoop.mapreduce.lib.output.FileOutputCommitter: Saved output of task 'attempt_local1938340947_0001_r_000000_0' to file:/home/cloudera/workspace/WordCount/output/_temporary/0/task_local1938340947_0001_r_000000
2021-03-09 04:56:06,796 INFO org.apache.hadoop.mapred.LocalJobRunner: reduce > reduce
2021-03-09 04:56:06,796 INFO org.apache.hadoop.mapred.Task: Task 'attempt_local1938340947_0001_r_000000_0' done.
2021-03-09 04:56:06,796 INFO org.apache.hadoop.mapred.LocalJobRunner: Finishing task: attempt_local1938340947_0001_r_000000_0
2021-03-09 04:56:06,796 INFO org.apache.hadoop.mapred.LocalJobRunner: reduce task executor complete.
2021-03-09 04:56:07,783 INFO org.apache.hadoop.mapreduce.Job:  map 100% reduce 100%
2021-03-09 04:56:07,783 INFO org.apache.hadoop.mapreduce.Job: Job job_local1938340947_0001 completed successfully
2021-03-09 04:56:07,794 INFO org.apache.hadoop.mapreduce.Job: Counters: 33
	File System Counters
		FILE: Number of bytes read=34858564
		FILE: Number of bytes written=36381458
		FILE: Number of read operations=0
		FILE: Number of large read operations=0
		FILE: Number of write operations=0
	Map-Reduce Framework
		Map input records=170607
		Map output records=1044475
		Map output bytes=9583027
		Map output materialized bytes=11671983
		Input split bytes=114
		Combine input records=0
		Combine output records=0
		Reduce input groups=76517
		Reduce shuffle bytes=11671983
		Reduce input records=1044475
		Reduce output records=76517
		Spilled Records=2088950
		Shuffled Maps =1
		Failed Shuffles=0
		Merged Map outputs=1
		GC time elapsed (ms)=49
		CPU time spent (ms)=0
		Physical memory (bytes) snapshot=0
		Virtual memory (bytes) snapshot=0
		Total committed heap usage (bytes)=331227136
	Shuffle Errors
		BAD_ID=0
		CONNECTION=0
		IO_ERROR=0
		WRONG_LENGTH=0
		WRONG_MAP=0
		WRONG_REDUCE=0
	File Input Format Counters 
		Bytes Read=5757112
	File Output Format Counters 
		Bytes Written=835587
2021-03-09 04:59:48,758 WARN org.apache.hadoop.util.NativeCodeLoader: Unable to load native-hadoop library for your platform... using builtin-java classes where applicable
2021-03-09 04:59:49,333 INFO org.apache.hadoop.conf.Configuration.deprecation: session.id is deprecated. Instead, use dfs.metrics.session-id
2021-03-09 04:59:49,335 INFO org.apache.hadoop.metrics.jvm.JvmMetrics: Initializing JVM Metrics with processName=JobTracker, sessionId=
2021-03-09 04:59:49,378 WARN org.apache.hadoop.security.UserGroupInformation: PriviledgedActionException as:cloudera (auth:SIMPLE) cause:org.apache.hadoop.mapred.FileAlreadyExistsException: Output directory file:/home/cloudera/workspace/WordCount/output already exists
2021-03-09 05:01:57,544 WARN org.apache.hadoop.util.NativeCodeLoader: Unable to load native-hadoop library for your platform... using builtin-java classes where applicable
2021-03-09 05:01:58,158 INFO org.apache.hadoop.conf.Configuration.deprecation: session.id is deprecated. Instead, use dfs.metrics.session-id
2021-03-09 05:01:58,172 INFO org.apache.hadoop.metrics.jvm.JvmMetrics: Initializing JVM Metrics with processName=JobTracker, sessionId=
2021-03-09 05:01:58,640 WARN org.apache.hadoop.mapreduce.JobResourceUploader: No job jar file set.  User classes may not be found. See Job or Job#setJar(String).
2021-03-09 05:01:58,649 INFO org.apache.hadoop.mapreduce.lib.input.FileInputFormat: Total input paths to process : 1
2021-03-09 05:01:58,710 INFO org.apache.hadoop.mapreduce.JobSubmitter: number of splits:1
2021-03-09 05:01:58,974 INFO org.apache.hadoop.mapreduce.JobSubmitter: Submitting tokens for job: job_local571038049_0001
2021-03-09 05:01:59,417 INFO org.apache.hadoop.mapreduce.Job: The url to track the job: http://localhost:8080/
2021-03-09 05:01:59,422 INFO org.apache.hadoop.mapred.LocalJobRunner: OutputCommitter set in config null
2021-03-09 05:01:59,424 INFO org.apache.hadoop.mapreduce.Job: Running job: job_local571038049_0001
2021-03-09 05:01:59,440 INFO org.apache.hadoop.mapreduce.lib.output.FileOutputCommitter: File Output Committer Algorithm version is 1
2021-03-09 05:01:59,442 INFO org.apache.hadoop.mapred.LocalJobRunner: OutputCommitter is org.apache.hadoop.mapreduce.lib.output.FileOutputCommitter
2021-03-09 05:01:59,574 INFO org.apache.hadoop.mapred.LocalJobRunner: Waiting for map tasks
2021-03-09 05:01:59,574 INFO org.apache.hadoop.mapred.LocalJobRunner: Starting task: attempt_local571038049_0001_m_000000_0
2021-03-09 05:01:59,624 INFO org.apache.hadoop.mapreduce.lib.output.FileOutputCommitter: File Output Committer Algorithm version is 1
2021-03-09 05:01:59,663 INFO org.apache.hadoop.mapred.Task:  Using ResourceCalculatorProcessTree : [ ]
2021-03-09 05:01:59,666 INFO org.apache.hadoop.mapred.MapTask: Processing split: file:/home/cloudera/workspace/WordCount/100-0.txt:0+5757112
2021-03-09 05:01:59,787 INFO org.apache.hadoop.mapred.MapTask: (EQUATOR) 0 kvi 26214396(104857584)
2021-03-09 05:01:59,787 INFO org.apache.hadoop.mapred.MapTask: mapreduce.task.io.sort.mb: 100
2021-03-09 05:01:59,788 INFO org.apache.hadoop.mapred.MapTask: soft limit at 83886080
2021-03-09 05:01:59,788 INFO org.apache.hadoop.mapred.MapTask: bufstart = 0; bufvoid = 104857600
2021-03-09 05:01:59,788 INFO org.apache.hadoop.mapred.MapTask: kvstart = 26214396; length = 6553600
2021-03-09 05:01:59,795 INFO org.apache.hadoop.mapred.MapTask: Map output collector class = org.apache.hadoop.mapred.MapTask$MapOutputBuffer
2021-03-09 05:02:00,425 INFO org.apache.hadoop.mapreduce.Job: Job job_local571038049_0001 running in uber mode : false
2021-03-09 05:02:00,427 INFO org.apache.hadoop.mapreduce.Job:  map 0% reduce 0%
2021-03-09 05:02:01,648 INFO org.apache.hadoop.mapred.LocalJobRunner: 
2021-03-09 05:02:01,649 INFO org.apache.hadoop.mapred.MapTask: Starting flush of map output
2021-03-09 05:02:01,649 INFO org.apache.hadoop.mapred.MapTask: Spilling map output
2021-03-09 05:02:01,649 INFO org.apache.hadoop.mapred.MapTask: bufstart = 0; bufend = 9583027; bufvoid = 104857600
2021-03-09 05:02:01,649 INFO org.apache.hadoop.mapred.MapTask: kvstart = 26214396(104857584); kvend = 22036500(88146000); length = 4177897/6553600
2021-03-09 05:02:04,460 INFO org.apache.hadoop.mapred.MapTask: Finished spill 0
2021-03-09 05:02:04,473 INFO org.apache.hadoop.mapred.Task: Task:attempt_local571038049_0001_m_000000_0 is done. And is in the process of committing
2021-03-09 05:02:04,496 INFO org.apache.hadoop.mapred.LocalJobRunner: map
2021-03-09 05:02:04,500 INFO org.apache.hadoop.mapred.Task: Task 'attempt_local571038049_0001_m_000000_0' done.
2021-03-09 05:02:04,500 INFO org.apache.hadoop.mapred.LocalJobRunner: Finishing task: attempt_local571038049_0001_m_000000_0
2021-03-09 05:02:04,500 INFO org.apache.hadoop.mapred.LocalJobRunner: map task executor complete.
2021-03-09 05:02:04,508 INFO org.apache.hadoop.mapred.LocalJobRunner: Waiting for reduce tasks
2021-03-09 05:02:04,509 INFO org.apache.hadoop.mapred.LocalJobRunner: Starting task: attempt_local571038049_0001_r_000000_0
2021-03-09 05:02:04,524 INFO org.apache.hadoop.mapreduce.lib.output.FileOutputCommitter: File Output Committer Algorithm version is 1
2021-03-09 05:02:04,525 INFO org.apache.hadoop.mapred.Task:  Using ResourceCalculatorProcessTree : [ ]
2021-03-09 05:02:04,537 INFO org.apache.hadoop.mapred.ReduceTask: Using ShuffleConsumerPlugin: org.apache.hadoop.mapreduce.task.reduce.Shuffle@76744438
2021-03-09 05:02:04,573 INFO org.apache.hadoop.mapreduce.task.reduce.MergeManagerImpl: MergerManager: memoryLimit=679778688, maxSingleShuffleLimit=169944672, mergeThreshold=448653952, ioSortFactor=10, memToMemMergeOutputsThreshold=10
2021-03-09 05:02:04,592 INFO org.apache.hadoop.mapreduce.task.reduce.EventFetcher: attempt_local571038049_0001_r_000000_0 Thread started: EventFetcher for fetching Map Completion Events
2021-03-09 05:02:04,677 INFO org.apache.hadoop.mapreduce.task.reduce.LocalFetcher: localfetcher#1 about to shuffle output of map attempt_local571038049_0001_m_000000_0 decomp: 11671979 len: 11671983 to MEMORY
2021-03-09 05:02:04,759 INFO org.apache.hadoop.mapreduce.task.reduce.InMemoryMapOutput: Read 11671979 bytes from map-output for attempt_local571038049_0001_m_000000_0
2021-03-09 05:02:04,761 INFO org.apache.hadoop.mapreduce.task.reduce.MergeManagerImpl: closeInMemoryFile -> map-output of size: 11671979, inMemoryMapOutputs.size() -> 1, commitMemory -> 0, usedMemory ->11671979
2021-03-09 05:02:04,764 INFO org.apache.hadoop.mapreduce.task.reduce.EventFetcher: EventFetcher is interrupted.. Returning
2021-03-09 05:02:04,765 INFO org.apache.hadoop.mapred.LocalJobRunner: 1 / 1 copied.
2021-03-09 05:02:04,765 INFO org.apache.hadoop.mapreduce.task.reduce.MergeManagerImpl: finalMerge called with 1 in-memory map-outputs and 0 on-disk map-outputs
2021-03-09 05:02:04,778 INFO org.apache.hadoop.mapred.Merger: Merging 1 sorted segments
2021-03-09 05:02:04,779 INFO org.apache.hadoop.mapred.Merger: Down to the last merge-pass, with 1 segments left of total size: 11671976 bytes
2021-03-09 05:02:05,431 INFO org.apache.hadoop.mapreduce.Job:  map 100% reduce 0%
2021-03-09 05:02:05,945 INFO org.apache.hadoop.mapreduce.task.reduce.MergeManagerImpl: Merged 1 segments, 11671979 bytes to disk to satisfy reduce memory limit
2021-03-09 05:02:05,946 INFO org.apache.hadoop.mapreduce.task.reduce.MergeManagerImpl: Merging 1 files, 11671983 bytes from disk
2021-03-09 05:02:05,947 INFO org.apache.hadoop.mapreduce.task.reduce.MergeManagerImpl: Merging 0 segments, 0 bytes from memory into reduce
2021-03-09 05:02:05,947 INFO org.apache.hadoop.mapred.Merger: Merging 1 sorted segments
2021-03-09 05:02:05,947 INFO org.apache.hadoop.mapred.Merger: Down to the last merge-pass, with 1 segments left of total size: 11671976 bytes
2021-03-09 05:02:05,947 INFO org.apache.hadoop.mapred.LocalJobRunner: 1 / 1 copied.
2021-03-09 05:02:05,958 INFO org.apache.hadoop.conf.Configuration.deprecation: mapred.skip.on is deprecated. Instead, use mapreduce.job.skiprecords
2021-03-09 05:02:07,903 INFO org.apache.hadoop.mapred.Task: Task:attempt_local571038049_0001_r_000000_0 is done. And is in the process of committing
2021-03-09 05:02:07,911 INFO org.apache.hadoop.mapred.LocalJobRunner: 1 / 1 copied.
2021-03-09 05:02:07,913 INFO org.apache.hadoop.mapred.Task: Task attempt_local571038049_0001_r_000000_0 is allowed to commit now
2021-03-09 05:02:07,914 INFO org.apache.hadoop.mapreduce.lib.output.FileOutputCommitter: Saved output of task 'attempt_local571038049_0001_r_000000_0' to file:/home/cloudera/workspace/WordCount/output/_temporary/0/task_local571038049_0001_r_000000
2021-03-09 05:02:07,916 INFO org.apache.hadoop.mapred.LocalJobRunner: reduce > reduce
2021-03-09 05:02:07,916 INFO org.apache.hadoop.mapred.Task: Task 'attempt_local571038049_0001_r_000000_0' done.
2021-03-09 05:02:07,918 INFO org.apache.hadoop.mapred.LocalJobRunner: Finishing task: attempt_local571038049_0001_r_000000_0
2021-03-09 05:02:07,918 INFO org.apache.hadoop.mapred.LocalJobRunner: reduce task executor complete.
2021-03-09 05:02:08,432 INFO org.apache.hadoop.mapreduce.Job:  map 100% reduce 100%
2021-03-09 05:02:08,432 INFO org.apache.hadoop.mapreduce.Job: Job job_local571038049_0001 completed successfully
2021-03-09 05:02:08,449 INFO org.apache.hadoop.mapreduce.Job: Counters: 33
	File System Counters
		FILE: Number of bytes read=34858564
		FILE: Number of bytes written=36378650
		FILE: Number of read operations=0
		FILE: Number of large read operations=0
		FILE: Number of write operations=0
	Map-Reduce Framework
		Map input records=170607
		Map output records=1044475
		Map output bytes=9583027
		Map output materialized bytes=11671983
		Input split bytes=114
		Combine input records=0
		Combine output records=0
		Reduce input groups=76517
		Reduce shuffle bytes=11671983
		Reduce input records=1044475
		Reduce output records=76517
		Spilled Records=2088950
		Shuffled Maps =1
		Failed Shuffles=0
		Merged Map outputs=1
		GC time elapsed (ms)=48
		CPU time spent (ms)=0
		Physical memory (bytes) snapshot=0
		Virtual memory (bytes) snapshot=0
		Total committed heap usage (bytes)=331227136
	Shuffle Errors
		BAD_ID=0
		CONNECTION=0
		IO_ERROR=0
		WRONG_LENGTH=0
		WRONG_MAP=0
		WRONG_REDUCE=0
	File Input Format Counters 
		Bytes Read=5757112
	File Output Format Counters 
		Bytes Written=835587
