2021-03-29 08:15:04,991 WARN org.apache.hadoop.util.NativeCodeLoader: Unable to load native-hadoop library for your platform... using builtin-java classes where applicable
2021-03-29 08:15:05,449 INFO org.apache.hadoop.conf.Configuration.deprecation: session.id is deprecated. Instead, use dfs.metrics.session-id
2021-03-29 08:15:05,462 INFO org.apache.hadoop.metrics.jvm.JvmMetrics: Initializing JVM Metrics with processName=JobTracker, sessionId=
2021-03-29 08:15:05,911 WARN org.apache.hadoop.mapreduce.JobResourceUploader: No job jar file set.  User classes may not be found. See Job or Job#setJar(String).
2021-03-29 08:15:05,917 INFO org.apache.hadoop.mapreduce.lib.input.FileInputFormat: Total input paths to process : 1
2021-03-29 08:15:05,979 INFO org.apache.hadoop.mapreduce.JobSubmitter: number of splits:1
2021-03-29 08:15:06,195 INFO org.apache.hadoop.mapreduce.JobSubmitter: Submitting tokens for job: job_local1199428612_0001
2021-03-29 08:15:06,515 INFO org.apache.hadoop.mapreduce.Job: The url to track the job: http://localhost:8080/
2021-03-29 08:15:06,515 INFO org.apache.hadoop.mapreduce.Job: Running job: job_local1199428612_0001
2021-03-29 08:15:06,521 INFO org.apache.hadoop.mapred.LocalJobRunner: OutputCommitter set in config null
2021-03-29 08:15:06,527 INFO org.apache.hadoop.mapreduce.lib.output.FileOutputCommitter: File Output Committer Algorithm version is 1
2021-03-29 08:15:06,530 INFO org.apache.hadoop.mapred.LocalJobRunner: OutputCommitter is org.apache.hadoop.mapreduce.lib.output.FileOutputCommitter
2021-03-29 08:15:06,631 INFO org.apache.hadoop.mapred.LocalJobRunner: Waiting for map tasks
2021-03-29 08:15:06,632 INFO org.apache.hadoop.mapred.LocalJobRunner: Starting task: attempt_local1199428612_0001_m_000000_0
2021-03-29 08:15:06,677 INFO org.apache.hadoop.mapreduce.lib.output.FileOutputCommitter: File Output Committer Algorithm version is 1
2021-03-29 08:15:06,694 INFO org.apache.hadoop.mapred.Task:  Using ResourceCalculatorProcessTree : [ ]
2021-03-29 08:15:06,696 INFO org.apache.hadoop.mapred.MapTask: Processing split: file:/home/cloudera/workspace/FriendRecommendationSystem/soc-LiveJournal1Adj.txt:0+4156181
2021-03-29 08:15:06,760 INFO org.apache.hadoop.mapred.MapTask: (EQUATOR) 0 kvi 26214396(104857584)
2021-03-29 08:15:06,761 INFO org.apache.hadoop.mapred.MapTask: mapreduce.task.io.sort.mb: 100
2021-03-29 08:15:06,761 INFO org.apache.hadoop.mapred.MapTask: soft limit at 83886080
2021-03-29 08:15:06,761 INFO org.apache.hadoop.mapred.MapTask: bufstart = 0; bufvoid = 104857600
2021-03-29 08:15:06,761 INFO org.apache.hadoop.mapred.MapTask: kvstart = 26214396; length = 6553600
2021-03-29 08:15:06,763 INFO org.apache.hadoop.mapred.MapTask: Map output collector class = org.apache.hadoop.mapred.MapTask$MapOutputBuffer
2021-03-29 08:15:07,518 INFO org.apache.hadoop.mapreduce.Job: Job job_local1199428612_0001 running in uber mode : false
2021-03-29 08:15:07,521 INFO org.apache.hadoop.mapreduce.Job:  map 0% reduce 0%
2021-03-29 08:15:07,892 INFO org.apache.hadoop.mapred.MapTask: Spilling map output
2021-03-29 08:15:07,892 INFO org.apache.hadoop.mapred.MapTask: bufstart = 0; bufend = 41181455; bufvoid = 104857600
2021-03-29 08:15:07,892 INFO org.apache.hadoop.mapred.MapTask: kvstart = 26214396(104857584); kvend = 15538244(62152976); length = 10676153/6553600
2021-03-29 08:15:07,892 INFO org.apache.hadoop.mapred.MapTask: (EQUATOR) 51667207 kvi 12916796(51667184)
2021-03-29 08:15:10,995 INFO org.apache.hadoop.mapred.MapTask: Finished spill 0
2021-03-29 08:15:10,995 INFO org.apache.hadoop.mapred.MapTask: (RESET) equator 51667207 kv 12916796(51667184) kvi 10295368(41181472)
2021-03-29 08:15:11,582 INFO org.apache.hadoop.mapred.MapTask: Spilling map output
2021-03-29 08:15:11,582 INFO org.apache.hadoop.mapred.MapTask: bufstart = 51667207; bufend = 92827078; bufvoid = 104857600
2021-03-29 08:15:11,582 INFO org.apache.hadoop.mapred.MapTask: kvstart = 12916796(51667184); kvend = 2235252(8941008); length = 10681545/6553600
2021-03-29 08:15:11,583 INFO org.apache.hadoop.mapred.MapTask: (EQUATOR) 103312835 kvi 25828204(103312816)
2021-03-29 08:15:12,698 INFO org.apache.hadoop.mapred.LocalJobRunner: file:/home/cloudera/workspace/FriendRecommendationSystem/soc-LiveJournal1Adj.txt:0+4156181 > map
2021-03-29 08:15:13,539 INFO org.apache.hadoop.mapreduce.Job:  map 12% reduce 0%
2021-03-29 08:15:14,379 INFO org.apache.hadoop.mapred.MapTask: Finished spill 1
2021-03-29 08:15:14,379 INFO org.apache.hadoop.mapred.MapTask: (RESET) equator 103312835 kv 25828204(103312816) kvi 23206776(92827104)
2021-03-29 08:15:15,054 INFO org.apache.hadoop.mapred.MapTask: Spilling map output
2021-03-29 08:15:15,057 INFO org.apache.hadoop.mapred.MapTask: bufstart = 103312835; bufend = 39720228; bufvoid = 104857600
2021-03-29 08:15:15,057 INFO org.apache.hadoop.mapred.MapTask: kvstart = 25828204(103312816); kvend = 15172936(60691744); length = 10655269/6553600
2021-03-29 08:15:15,057 INFO org.apache.hadoop.mapred.MapTask: (EQUATOR) 50205978 kvi 12551488(50205952)
2021-03-29 08:15:15,699 INFO org.apache.hadoop.mapred.LocalJobRunner: file:/home/cloudera/workspace/FriendRecommendationSystem/soc-LiveJournal1Adj.txt:0+4156181 > map
2021-03-29 08:15:16,542 INFO org.apache.hadoop.mapreduce.Job:  map 17% reduce 0%
2021-03-29 08:15:18,434 INFO org.apache.hadoop.mapred.MapTask: Finished spill 2
2021-03-29 08:15:18,435 INFO org.apache.hadoop.mapred.MapTask: (RESET) equator 50205978 kv 12551488(50205952) kvi 9930064(39720256)
2021-03-29 08:15:18,704 INFO org.apache.hadoop.mapred.LocalJobRunner: file:/home/cloudera/workspace/FriendRecommendationSystem/soc-LiveJournal1Adj.txt:0+4156181 > map
2021-03-29 08:15:19,258 INFO org.apache.hadoop.mapred.MapTask: Spilling map output
2021-03-29 08:15:19,259 INFO org.apache.hadoop.mapred.MapTask: bufstart = 50205978; bufend = 91363300; bufvoid = 104857600
2021-03-29 08:15:19,259 INFO org.apache.hadoop.mapred.MapTask: kvstart = 12551488(50205952); kvend = 1869308(7477232); length = 10682181/6553600
2021-03-29 08:15:19,259 INFO org.apache.hadoop.mapred.MapTask: (EQUATOR) 101849058 kvi 25462260(101849040)
2021-03-29 08:15:19,545 INFO org.apache.hadoop.mapreduce.Job:  map 19% reduce 0%
2021-03-29 08:15:21,902 INFO org.apache.hadoop.mapred.LocalJobRunner: file:/home/cloudera/workspace/FriendRecommendationSystem/soc-LiveJournal1Adj.txt:0+4156181 > map
2021-03-29 08:15:22,538 INFO org.apache.hadoop.mapred.MapTask: Finished spill 3
2021-03-29 08:15:22,538 INFO org.apache.hadoop.mapred.MapTask: (RESET) equator 101849058 kv 25462260(101849040) kvi 22840832(91363328)
2021-03-29 08:15:22,742 INFO org.apache.hadoop.mapreduce.Job:  map 24% reduce 0%
2021-03-29 08:15:23,120 INFO org.apache.hadoop.mapred.MapTask: Spilling map output
2021-03-29 08:15:23,121 INFO org.apache.hadoop.mapred.MapTask: bufstart = 101849058; bufend = 38165952; bufvoid = 104857599
2021-03-29 08:15:23,121 INFO org.apache.hadoop.mapred.MapTask: kvstart = 25462260(101849040); kvend = 14784372(59137488); length = 10677889/6553600
2021-03-29 08:15:23,121 INFO org.apache.hadoop.mapred.MapTask: (EQUATOR) 48651712 kvi 12162924(48651696)
2021-03-29 08:15:24,902 INFO org.apache.hadoop.mapred.LocalJobRunner: file:/home/cloudera/workspace/FriendRecommendationSystem/soc-LiveJournal1Adj.txt:0+4156181 > map
2021-03-29 08:15:25,755 INFO org.apache.hadoop.mapreduce.Job:  map 33% reduce 0%
2021-03-29 08:15:26,016 INFO org.apache.hadoop.mapred.MapTask: Finished spill 4
2021-03-29 08:15:26,017 INFO org.apache.hadoop.mapred.MapTask: (RESET) equator 48651712 kv 12162924(48651696) kvi 9541492(38165968)
2021-03-29 08:15:26,573 INFO org.apache.hadoop.mapred.MapTask: Spilling map output
2021-03-29 08:15:26,574 INFO org.apache.hadoop.mapred.MapTask: bufstart = 48651712; bufend = 89880751; bufvoid = 104857600
2021-03-29 08:15:26,574 INFO org.apache.hadoop.mapred.MapTask: kvstart = 12162924(48651696); kvend = 1498664(5994656); length = 10664261/6553600
2021-03-29 08:15:26,574 INFO org.apache.hadoop.mapred.MapTask: (EQUATOR) 100366495 kvi 25091616(100366464)
2021-03-29 08:15:27,903 INFO org.apache.hadoop.mapred.LocalJobRunner: file:/home/cloudera/workspace/FriendRecommendationSystem/soc-LiveJournal1Adj.txt:0+4156181 > map
2021-03-29 08:15:28,775 INFO org.apache.hadoop.mapreduce.Job:  map 44% reduce 0%
2021-03-29 08:15:29,392 INFO org.apache.hadoop.mapred.MapTask: Finished spill 5
2021-03-29 08:15:29,392 INFO org.apache.hadoop.mapred.MapTask: (RESET) equator 100366495 kv 25091616(100366464) kvi 22470192(89880768)
2021-03-29 08:15:29,942 INFO org.apache.hadoop.mapred.MapTask: Spilling map output
2021-03-29 08:15:29,942 INFO org.apache.hadoop.mapred.MapTask: bufstart = 100366495; bufend = 37216521; bufvoid = 104857600
2021-03-29 08:15:29,942 INFO org.apache.hadoop.mapred.MapTask: kvstart = 25091616(100366464); kvend = 14547012(58188048); length = 10544605/6553600
2021-03-29 08:15:29,942 INFO org.apache.hadoop.mapred.MapTask: (EQUATOR) 47702276 kvi 11925564(47702256)
2021-03-29 08:15:30,903 INFO org.apache.hadoop.mapred.LocalJobRunner: file:/home/cloudera/workspace/FriendRecommendationSystem/soc-LiveJournal1Adj.txt:0+4156181 > map
2021-03-29 08:15:31,779 INFO org.apache.hadoop.mapreduce.Job:  map 54% reduce 0%
2021-03-29 08:15:32,921 INFO org.apache.hadoop.mapred.MapTask: Finished spill 6
2021-03-29 08:15:32,921 INFO org.apache.hadoop.mapred.MapTask: (RESET) equator 47702276 kv 11925564(47702256) kvi 9304136(37216544)
2021-03-29 08:15:33,509 INFO org.apache.hadoop.mapred.MapTask: Spilling map output
2021-03-29 08:15:33,509 INFO org.apache.hadoop.mapred.MapTask: bufstart = 47702276; bufend = 89631273; bufvoid = 104857600
2021-03-29 08:15:33,509 INFO org.apache.hadoop.mapred.MapTask: kvstart = 11925564(47702256); kvend = 1436300(5745200); length = 10489265/6553600
2021-03-29 08:15:33,509 INFO org.apache.hadoop.mapred.MapTask: (EQUATOR) 100117028 kvi 25029252(100117008)
2021-03-29 08:15:33,922 INFO org.apache.hadoop.mapred.LocalJobRunner: file:/home/cloudera/workspace/FriendRecommendationSystem/soc-LiveJournal1Adj.txt:0+4156181 > map
2021-03-29 08:15:34,787 INFO org.apache.hadoop.mapreduce.Job:  map 61% reduce 0%
2021-03-29 08:15:35,889 INFO org.apache.hadoop.mapred.MapTask: Finished spill 7
2021-03-29 08:15:35,889 INFO org.apache.hadoop.mapred.MapTask: (RESET) equator 100117028 kv 25029252(100117008) kvi 22407824(89631296)
2021-03-29 08:15:36,346 INFO org.apache.hadoop.mapred.LocalJobRunner: file:/home/cloudera/workspace/FriendRecommendationSystem/soc-LiveJournal1Adj.txt:0+4156181 > map
2021-03-29 08:15:36,346 INFO org.apache.hadoop.mapred.MapTask: Starting flush of map output
2021-03-29 08:15:36,346 INFO org.apache.hadoop.mapred.MapTask: Spilling map output
2021-03-29 08:15:36,346 INFO org.apache.hadoop.mapred.MapTask: bufstart = 100117028; bufend = 32098782; bufvoid = 104857600
2021-03-29 08:15:36,346 INFO org.apache.hadoop.mapred.MapTask: kvstart = 25029252(100117008); kvend = 15817720(63270880); length = 9211533/6553600
2021-03-29 08:15:36,929 INFO org.apache.hadoop.mapred.LocalJobRunner: file:/home/cloudera/workspace/FriendRecommendationSystem/soc-LiveJournal1Adj.txt:0+4156181 > sort
2021-03-29 08:15:37,802 INFO org.apache.hadoop.mapreduce.Job:  map 67% reduce 0%
2021-03-29 08:15:38,179 INFO org.apache.hadoop.mapred.MapTask: Finished spill 8
2021-03-29 08:15:38,185 INFO org.apache.hadoop.mapred.Merger: Merging 9 sorted segments
2021-03-29 08:15:38,189 INFO org.apache.hadoop.mapred.Merger: Down to the last merge-pass, with 9 segments left of total size: 414784529 bytes
2021-03-29 08:15:39,930 INFO org.apache.hadoop.mapred.LocalJobRunner: file:/home/cloudera/workspace/FriendRecommendationSystem/soc-LiveJournal1Adj.txt:0+4156181 > sort > 
2021-03-29 08:15:40,812 INFO org.apache.hadoop.mapreduce.Job:  map 71% reduce 0%
2021-03-29 08:15:42,932 INFO org.apache.hadoop.mapred.LocalJobRunner: file:/home/cloudera/workspace/FriendRecommendationSystem/soc-LiveJournal1Adj.txt:0+4156181 > sort > 
2021-03-29 08:15:43,819 INFO org.apache.hadoop.mapreduce.Job:  map 76% reduce 0%
2021-03-29 08:15:46,061 INFO org.apache.hadoop.mapred.LocalJobRunner: file:/home/cloudera/workspace/FriendRecommendationSystem/soc-LiveJournal1Adj.txt:0+4156181 > sort > 
2021-03-29 08:15:46,825 INFO org.apache.hadoop.mapreduce.Job:  map 83% reduce 0%
2021-03-29 08:15:49,062 INFO org.apache.hadoop.mapred.LocalJobRunner: file:/home/cloudera/workspace/FriendRecommendationSystem/soc-LiveJournal1Adj.txt:0+4156181 > sort > 
2021-03-29 08:15:49,832 INFO org.apache.hadoop.mapreduce.Job:  map 90% reduce 0%
2021-03-29 08:15:52,064 INFO org.apache.hadoop.mapred.LocalJobRunner: file:/home/cloudera/workspace/FriendRecommendationSystem/soc-LiveJournal1Adj.txt:0+4156181 > sort > 
2021-03-29 08:15:52,834 INFO org.apache.hadoop.mapreduce.Job:  map 95% reduce 0%
2021-03-29 08:15:54,991 INFO org.apache.hadoop.mapred.Task: Task:attempt_local1199428612_0001_m_000000_0 is done. And is in the process of committing
2021-03-29 08:15:54,994 INFO org.apache.hadoop.mapred.LocalJobRunner: file:/home/cloudera/workspace/FriendRecommendationSystem/soc-LiveJournal1Adj.txt:0+4156181 > sort
2021-03-29 08:15:54,994 INFO org.apache.hadoop.mapred.Task: Task 'attempt_local1199428612_0001_m_000000_0' done.
2021-03-29 08:15:54,994 INFO org.apache.hadoop.mapred.LocalJobRunner: Finishing task: attempt_local1199428612_0001_m_000000_0
2021-03-29 08:15:54,994 INFO org.apache.hadoop.mapred.LocalJobRunner: map task executor complete.
2021-03-29 08:15:55,009 INFO org.apache.hadoop.mapred.LocalJobRunner: Waiting for reduce tasks
2021-03-29 08:15:55,009 INFO org.apache.hadoop.mapred.LocalJobRunner: Starting task: attempt_local1199428612_0001_r_000000_0
2021-03-29 08:15:55,024 INFO org.apache.hadoop.mapreduce.lib.output.FileOutputCommitter: File Output Committer Algorithm version is 1
2021-03-29 08:15:55,025 INFO org.apache.hadoop.mapred.Task:  Using ResourceCalculatorProcessTree : [ ]
2021-03-29 08:15:55,029 INFO org.apache.hadoop.mapred.ReduceTask: Using ShuffleConsumerPlugin: org.apache.hadoop.mapreduce.task.reduce.Shuffle@f372724
2021-03-29 08:15:55,050 INFO org.apache.hadoop.mapreduce.task.reduce.MergeManagerImpl: MergerManager: memoryLimit=679778688, maxSingleShuffleLimit=169944672, mergeThreshold=448653952, ioSortFactor=10, memToMemMergeOutputsThreshold=10
2021-03-29 08:15:55,055 INFO org.apache.hadoop.mapreduce.task.reduce.EventFetcher: attempt_local1199428612_0001_r_000000_0 Thread started: EventFetcher for fetching Map Completion Events
2021-03-29 08:15:55,088 INFO org.apache.hadoop.mapreduce.task.reduce.MergeManagerImpl: attempt_local1199428612_0001_m_000000_0: Shuffling to disk since 414784516 is greater than maxSingleShuffleLimit (169944672)
2021-03-29 08:15:55,111 INFO org.apache.hadoop.mapreduce.task.reduce.LocalFetcher: localfetcher#1 about to shuffle output of map attempt_local1199428612_0001_m_000000_0 decomp: 414784516 len: 414784520 to DISK
2021-03-29 08:15:55,846 INFO org.apache.hadoop.mapreduce.Job:  map 100% reduce 0%
2021-03-29 08:15:57,674 INFO org.apache.hadoop.mapreduce.task.reduce.OnDiskMapOutput: Read 414784520 bytes from map-output for attempt_local1199428612_0001_m_000000_0
2021-03-29 08:15:58,173 INFO org.apache.hadoop.mapreduce.task.reduce.EventFetcher: EventFetcher is interrupted.. Returning
2021-03-29 08:15:58,189 INFO org.apache.hadoop.mapred.LocalJobRunner: 1 / 1 copied.
2021-03-29 08:15:58,196 INFO org.apache.hadoop.mapreduce.task.reduce.MergeManagerImpl: finalMerge called with 0 in-memory map-outputs and 1 on-disk map-outputs
2021-03-29 08:15:58,203 INFO org.apache.hadoop.mapreduce.task.reduce.MergeManagerImpl: Merging 1 files, 414784520 bytes from disk
2021-03-29 08:15:58,220 INFO org.apache.hadoop.mapreduce.task.reduce.MergeManagerImpl: Merging 0 segments, 0 bytes from memory into reduce
2021-03-29 08:15:58,221 INFO org.apache.hadoop.mapred.Merger: Merging 1 sorted segments
2021-03-29 08:15:58,221 INFO org.apache.hadoop.mapred.Merger: Down to the last merge-pass, with 1 segments left of total size: 414784512 bytes
2021-03-29 08:15:58,222 INFO org.apache.hadoop.mapred.LocalJobRunner: 1 / 1 copied.
2021-03-29 08:15:58,254 INFO org.apache.hadoop.conf.Configuration.deprecation: mapred.skip.on is deprecated. Instead, use mapreduce.job.skiprecords
2021-03-29 08:16:01,030 INFO org.apache.hadoop.mapred.LocalJobRunner: reduce > reduce
2021-03-29 08:16:01,858 INFO org.apache.hadoop.mapreduce.Job:  map 100% reduce 69%
2021-03-29 08:16:04,031 INFO org.apache.hadoop.mapred.LocalJobRunner: reduce > reduce
2021-03-29 08:16:04,863 INFO org.apache.hadoop.mapreduce.Job:  map 100% reduce 77%
2021-03-29 08:16:07,033 INFO org.apache.hadoop.mapred.LocalJobRunner: reduce > reduce
2021-03-29 08:16:07,875 INFO org.apache.hadoop.mapreduce.Job:  map 100% reduce 85%
2021-03-29 08:16:10,034 INFO org.apache.hadoop.mapred.LocalJobRunner: reduce > reduce
2021-03-29 08:16:10,882 INFO org.apache.hadoop.mapreduce.Job:  map 100% reduce 93%
2021-03-29 08:16:12,638 INFO org.apache.hadoop.mapred.Task: Task:attempt_local1199428612_0001_r_000000_0 is done. And is in the process of committing
2021-03-29 08:16:12,639 INFO org.apache.hadoop.mapred.LocalJobRunner: reduce > reduce
2021-03-29 08:16:12,639 INFO org.apache.hadoop.mapred.Task: Task attempt_local1199428612_0001_r_000000_0 is allowed to commit now
2021-03-29 08:16:12,640 INFO org.apache.hadoop.mapreduce.lib.output.FileOutputCommitter: Saved output of task 'attempt_local1199428612_0001_r_000000_0' to file:/home/cloudera/workspace/FriendRecommendationSystem/output/_temporary/0/task_local1199428612_0001_r_000000
2021-03-29 08:16:12,640 INFO org.apache.hadoop.mapred.LocalJobRunner: reduce > reduce
2021-03-29 08:16:12,640 INFO org.apache.hadoop.mapred.Task: Task 'attempt_local1199428612_0001_r_000000_0' done.
2021-03-29 08:16:12,640 INFO org.apache.hadoop.mapred.LocalJobRunner: Finishing task: attempt_local1199428612_0001_r_000000_0
2021-03-29 08:16:12,640 INFO org.apache.hadoop.mapred.LocalJobRunner: reduce task executor complete.
2021-03-29 08:16:12,891 INFO org.apache.hadoop.mapreduce.Job:  map 100% reduce 100%
2021-03-29 08:16:12,892 INFO org.apache.hadoop.mapreduce.Job: Job job_local1199428612_0001 completed successfully
2021-03-29 08:16:12,928 INFO org.apache.hadoop.mapreduce.Job: Counters: 33
	File System Counters
		FILE: Number of bytes read=1667450974
		FILE: Number of bytes written=2080781590
		FILE: Number of read operations=0
		FILE: Number of large read operations=0
		FILE: Number of write operations=0
	Map-Reduce Framework
		Map input records=49995
		Map output records=23570682
		Map output bytes=367643150
		Map output materialized bytes=414784520
		Input split bytes=145
		Combine input records=0
		Combine output records=0
		Reduce input groups=49124
		Reduce shuffle bytes=414784520
		Reduce input records=23570682
		Reduce output records=49124
		Spilled Records=70712046
		Shuffled Maps =1
		Failed Shuffles=0
		Merged Map outputs=1
		GC time elapsed (ms)=389
		CPU time spent (ms)=0
		Physical memory (bytes) snapshot=0
		Virtual memory (bytes) snapshot=0
		Total committed heap usage (bytes)=331227136
	Shuffle Errors
		BAD_ID=0
		CONNECTION=0
		IO_ERROR=0
		WRONG_LENGTH=0
		WRONG_MAP=0
		WRONG_REDUCE=0
	File Input Format Counters 
		Bytes Read=4156181
	File Output Format Counters 
		Bytes Written=3088138
